<?xml version='1.0' encoding='UTF-8'?>
<testsuite hostname="Juans-Laptop.local" name="example.GameOfLifeSpec" tests="24" errors="0" failures="0" skipped="0" time="0.021">
                     <properties>
[...]
</properties>
                     <testcase classname="example.GameOfLifeSpec" name="A Cell should be dead by default" time="0.017">
                                                 
                                               </testcase><testcase classname="example.GameOfLifeSpec" name="A Cell should be able to be alive" time="0.0">
                                                 
                                               </testcase><testcase classname="example.GameOfLifeSpec" name="A Cell should be able to die" time="0.0">
                                                 
                                               </testcase><testcase classname="example.GameOfLifeSpec" name="A Cell should be able to resucitate" time="0.0">
                                                 
                                               </testcase><testcase classname="example.GameOfLifeSpec" name="A Cell should have an address" time="0.0">
                                                 
                                               </testcase><testcase classname="example.GameOfLifeSpec" name="The World should contain cells" time="0.001">
                                                 
                                               </testcase><testcase classname="example.GameOfLifeSpec" name="The World should contain a size" time="0.0">
                                                 
                                               </testcase><testcase classname="example.GameOfLifeSpec" name="The World should be able to initialise and set the right number of cells given a size" time="0.001">
                                                 
                                               </testcase><testcase classname="example.GameOfLifeSpec" name="Checking my neighbors should say that I have eight alive neighbors when I am in the middle of a 3x3" time="0.001">
                                                 
                                               </testcase><testcase classname="example.GameOfLifeSpec" name="Checking my neighbors should say that I have three alive neighbors when I am in an edge" time="0.001">
                                                 
                                               </testcase><testcase classname="example.GameOfLifeSpec" name="Checking my neighbors should say that I have no neighbors if all of them are dead" time="0.0">
                                                 
                                               </testcase><testcase classname="example.GameOfLifeSpec" name="Rules of Live should kill a cell with fewer than two alive neighbors" time="0.0">
                                                 
                                               </testcase><testcase classname="example.GameOfLifeSpec" name="Rules of Live should kill a cell with more than three alive neighbors" time="0.0">
                                                 
                                               </testcase><testcase classname="example.GameOfLifeSpec" name="Rules of Live should leave cell alive if 2 alive neighbors" time="0.0">
                                                 
                                               </testcase><testcase classname="example.GameOfLifeSpec" name="Rules of Live should leave cell alive if 3 alive neighbors" time="0.0">
                                                 
                                               </testcase><testcase classname="example.GameOfLifeSpec" name="Rules of Live should bring dead cell back to live if there is exactly 3 alive neighbors" time="0.0">
                                                 
                                               </testcase><testcase classname="example.GameOfLifeSpec" name="Address should return (0,0) when you are the first element" time="0.0">
                                                 
                                               </testcase><testcase classname="example.GameOfLifeSpec" name="Address should return (1,0) when you are at the second element" time="0.0">
                                                 
                                               </testcase><testcase classname="example.GameOfLifeSpec" name="Address should return (3,0) when you are in the middle of first row in 6 size" time="0.0">
                                                 
                                               </testcase><testcase classname="example.GameOfLifeSpec" name="Address should return (5,0) when you are in the edge of first row in 6 size" time="0.0">
                                                 
                                               </testcase><testcase classname="example.GameOfLifeSpec" name="Address should return (0,1) when on first element of second row" time="0.0">
                                                 
                                               </testcase><testcase classname="example.GameOfLifeSpec" name="Address should return (0,5) when on last row on size 6" time="0.0">
                                                 
                                               </testcase><testcase classname="example.GameOfLifeSpec" name="Address should return (2,2) when on bottom right edge of a size 3" time="0.0">
                                                 
                                               </testcase><testcase classname="example.GameOfLifeSpec" name="Address should return (5,5) when on bottom right edge of a size 6" time="0.0">
                                                 
                                               </testcase>
                     <system-out></system-out>
                     <system-err></system-err>
                   </testsuite>